running egg_info
writing ../../build/my_robot/my_robot.egg-info/PKG-INFO
writing dependency_links to ../../build/my_robot/my_robot.egg-info/dependency_links.txt
writing entry points to ../../build/my_robot/my_robot.egg-info/entry_points.txt
writing requirements to ../../build/my_robot/my_robot.egg-info/requires.txt
writing top-level names to ../../build/my_robot/my_robot.egg-info/top_level.txt
reading manifest file '../../build/my_robot/my_robot.egg-info/SOURCES.txt'
writing manifest file '../../build/my_robot/my_robot.egg-info/SOURCES.txt'
running build
running build_py
running install
running install_lib
creating /home/user/ros2_ws/install/my_robot/lib/python3.10/site-packages/my_robot
copying /home/user/ros2_ws/build/my_robot/build/lib/my_robot/__init__.py -> /home/user/ros2_ws/install/my_robot/lib/python3.10/site-packages/my_robot
byte-compiling /home/user/ros2_ws/install/my_robot/lib/python3.10/site-packages/my_robot/__init__.py to __init__.cpython-310.pyc
running install_data
creating /home/user/ros2_ws/install/my_robot/share/ament_index
creating /home/user/ros2_ws/install/my_robot/share/ament_index/resource_index
creating /home/user/ros2_ws/install/my_robot/share/ament_index/resource_index/packages
error: can't copy 'resource/my_robot': doesn't exist or not a regular file
