[5.003s] Invoking command in '/home/user/ros2_ws/src/my_robot': PYTHONPATH=/home/user/ros2_ws/build/my_robot/prefix_override:/home/user/ros2_ws/install/my_robot/lib/python3.10/site-packages:${PYTHONPATH} _=/usr/bin/env /usr/bin/python3 -W ignore:setup.py install is deprecated setup.py egg_info --egg-base ../../build/my_robot build --build-base /home/user/ros2_ws/build/my_robot/build install --record /home/user/ros2_ws/build/my_robot/install.log --single-version-externally-managed install_data
[5.290s] running egg_info
[5.291s] writing ../../build/my_robot/my_robot.egg-info/PKG-INFO
[5.291s] writing dependency_links to ../../build/my_robot/my_robot.egg-info/dependency_links.txt
[5.291s] writing entry points to ../../build/my_robot/my_robot.egg-info/entry_points.txt
[5.291s] writing requirements to ../../build/my_robot/my_robot.egg-info/requires.txt
[5.291s] writing top-level names to ../../build/my_robot/my_robot.egg-info/top_level.txt
[5.293s] reading manifest file '../../build/my_robot/my_robot.egg-info/SOURCES.txt'
[5.294s] writing manifest file '../../build/my_robot/my_robot.egg-info/SOURCES.txt'
[5.294s] running build
[5.294s] running build_py
[5.294s] running install
[5.295s] running install_lib
[5.295s] creating /home/user/ros2_ws/install/my_robot/lib/python3.10/site-packages/my_robot
[5.296s] copying /home/user/ros2_ws/build/my_robot/build/lib/my_robot/__init__.py -> /home/user/ros2_ws/install/my_robot/lib/python3.10/site-packages/my_robot
[5.296s] byte-compiling /home/user/ros2_ws/install/my_robot/lib/python3.10/site-packages/my_robot/__init__.py to __init__.cpython-310.pyc
[5.296s] running install_data
[5.296s] creating /home/user/ros2_ws/install/my_robot/share/ament_index
[5.297s] creating /home/user/ros2_ws/install/my_robot/share/ament_index/resource_index
[5.297s] creating /home/user/ros2_ws/install/my_robot/share/ament_index/resource_index/packages
[5.297s] error: can't copy 'resource/my_robot': doesn't exist or not a regular file
[5.316s] Invoked command in '/home/user/ros2_ws/src/my_robot' returned '1': PYTHONPATH=/home/user/ros2_ws/build/my_robot/prefix_override:/home/user/ros2_ws/install/my_robot/lib/python3.10/site-packages:${PYTHONPATH} _=/usr/bin/env /usr/bin/python3 -W ignore:setup.py install is deprecated setup.py egg_info --egg-base ../../build/my_robot build --build-base /home/user/ros2_ws/build/my_robot/build install --record /home/user/ros2_ws/build/my_robot/install.log --single-version-externally-managed install_data
