[0.737s] Invoking command in '/home/user/ros2_ws/src/my_robot': PYTHONPATH=/home/user/ros2_ws/build/my_robot/prefix_override:/home/user/ros2_ws/install/my_robot/lib/python3.10/site-packages:${PYTHONPATH} _=/usr/bin/env /usr/bin/python3 -W ignore:setup.py install is deprecated setup.py egg_info --egg-base ../../build/my_robot build --build-base /home/user/ros2_ws/build/my_robot/build install --record /home/user/ros2_ws/build/my_robot/install.log --single-version-externally-managed install_data
[1.027s] running egg_info
[1.028s] writing ../../build/my_robot/my_robot.egg-info/PKG-INFO
[1.028s] writing dependency_links to ../../build/my_robot/my_robot.egg-info/dependency_links.txt
[1.028s] writing entry points to ../../build/my_robot/my_robot.egg-info/entry_points.txt
[1.028s] writing requirements to ../../build/my_robot/my_robot.egg-info/requires.txt
[1.028s] writing top-level names to ../../build/my_robot/my_robot.egg-info/top_level.txt
[1.030s] reading manifest file '../../build/my_robot/my_robot.egg-info/SOURCES.txt'
[1.030s] writing manifest file '../../build/my_robot/my_robot.egg-info/SOURCES.txt'
[1.031s] running build
[1.031s] running build_py
[1.031s] running install
[1.031s] running install_lib
[1.032s] running install_data
[1.032s] running install_egg_info
[1.035s] removing '/home/user/ros2_ws/install/my_robot/lib/python3.10/site-packages/my_robot-0.0.0-py3.10.egg-info' (and everything under it)
[1.035s] Copying ../../build/my_robot/my_robot.egg-info to /home/user/ros2_ws/install/my_robot/lib/python3.10/site-packages/my_robot-0.0.0-py3.10.egg-info
[1.036s] running install_scripts
[1.058s] writing list of installed files to '/home/user/ros2_ws/build/my_robot/install.log'
[1.080s] Invoked command in '/home/user/ros2_ws/src/my_robot' returned '0': PYTHONPATH=/home/user/ros2_ws/build/my_robot/prefix_override:/home/user/ros2_ws/install/my_robot/lib/python3.10/site-packages:${PYTHONPATH} _=/usr/bin/env /usr/bin/python3 -W ignore:setup.py install is deprecated setup.py egg_info --egg-base ../../build/my_robot build --build-base /home/user/ros2_ws/build/my_robot/build install --record /home/user/ros2_ws/build/my_robot/install.log --single-version-externally-managed install_data
