[0.964s] Invoking command in '/home/user/ros2_ws/src/my_robot': PYTHONPATH=/home/user/ros2_ws/build/my_robot/prefix_override:/home/user/ros2_ws/install/my_robot/lib/python3.10/site-packages:${PYTHONPATH} _=/usr/bin/env /usr/bin/python3 -W ignore:setup.py install is deprecated setup.py egg_info --egg-base ../../build/my_robot build --build-base /home/user/ros2_ws/build/my_robot/build install --record /home/user/ros2_ws/build/my_robot/install.log --single-version-externally-managed install_data
[1.265s] running egg_info
[1.265s] creating ../../build/my_robot/my_robot.egg-info
[1.266s] writing ../../build/my_robot/my_robot.egg-info/PKG-INFO
[1.266s] writing dependency_links to ../../build/my_robot/my_robot.egg-info/dependency_links.txt
[1.266s] writing entry points to ../../build/my_robot/my_robot.egg-info/entry_points.txt
[1.266s] writing requirements to ../../build/my_robot/my_robot.egg-info/requires.txt
[1.266s] writing top-level names to ../../build/my_robot/my_robot.egg-info/top_level.txt
[1.266s] writing manifest file '../../build/my_robot/my_robot.egg-info/SOURCES.txt'
[1.268s] reading manifest file '../../build/my_robot/my_robot.egg-info/SOURCES.txt'
[1.268s] writing manifest file '../../build/my_robot/my_robot.egg-info/SOURCES.txt'
[1.268s] running build
[1.269s] running build_py
[1.269s] creating /home/user/ros2_ws/build/my_robot/build
[1.269s] creating /home/user/ros2_ws/build/my_robot/build/lib
[1.269s] creating /home/user/ros2_ws/build/my_robot/build/lib/my_robot
[1.269s] copying my_robot/__init__.py -> /home/user/ros2_ws/build/my_robot/build/lib/my_robot
[1.269s] running install
[1.269s] running install_lib
[1.270s] creating /home/user/ros2_ws/install/my_robot/lib/python3.10/site-packages/my_robot
[1.270s] copying /home/user/ros2_ws/build/my_robot/build/lib/my_robot/__init__.py -> /home/user/ros2_ws/install/my_robot/lib/python3.10/site-packages/my_robot
[1.271s] byte-compiling /home/user/ros2_ws/install/my_robot/lib/python3.10/site-packages/my_robot/__init__.py to __init__.cpython-310.pyc
[1.271s] running install_data
[1.271s] creating /home/user/ros2_ws/install/my_robot/share/ament_index
[1.271s] creating /home/user/ros2_ws/install/my_robot/share/ament_index/resource_index
[1.271s] creating /home/user/ros2_ws/install/my_robot/share/ament_index/resource_index/packages
[1.271s] copying resource/my_robot -> /home/user/ros2_ws/install/my_robot/share/ament_index/resource_index/packages
[1.271s] copying package.xml -> /home/user/ros2_ws/install/my_robot/share/my_robot
[1.271s] running install_egg_info
[1.274s] Copying ../../build/my_robot/my_robot.egg-info to /home/user/ros2_ws/install/my_robot/lib/python3.10/site-packages/my_robot-0.0.0-py3.10.egg-info
[1.275s] running install_scripts
[1.298s] writing list of installed files to '/home/user/ros2_ws/build/my_robot/install.log'
[1.320s] Invoked command in '/home/user/ros2_ws/src/my_robot' returned '0': PYTHONPATH=/home/user/ros2_ws/build/my_robot/prefix_override:/home/user/ros2_ws/install/my_robot/lib/python3.10/site-packages:${PYTHONPATH} _=/usr/bin/env /usr/bin/python3 -W ignore:setup.py install is deprecated setup.py egg_info --egg-base ../../build/my_robot build --build-base /home/user/ros2_ws/build/my_robot/build install --record /home/user/ros2_ws/build/my_robot/install.log --single-version-externally-managed install_data
