[2.029s] DEBUG:colcon:Command line arguments: ['/usr/bin/colcon', 'build']
[2.030s] DEBUG:colcon:Parsed command line arguments: Namespace(log_base=None, log_level=None, verb_name='build', build_base='build', install_base='install', merge_install=False, symlink_install=False, test_result_base=None, continue_on_error=False, executor='parallel', parallel_workers=8, event_handlers=None, ignore_user_meta=False, metas=['./colcon.meta'], base_paths=['.'], packages_ignore=None, packages_ignore_regex=None, paths=None, packages_up_to=None, packages_up_to_regex=None, packages_above=None, packages_above_and_dependencies=None, packages_above_depth=None, packages_select_by_dep=None, packages_skip_by_dep=None, packages_skip_up_to=None, packages_select_build_failed=False, packages_skip_build_finished=False, packages_select_test_failures=False, packages_skip_test_passed=False, packages_select=None, packages_skip=None, packages_select_regex=None, packages_skip_regex=None, packages_start=None, packages_end=None, lookup_in_workspace=False, cargo_args=None, clean_build=False, cmake_args=None, cmake_target=None, cmake_target_skip_unavailable=False, cmake_clean_cache=False, cmake_clean_first=False, cmake_force_configure=False, ament_cmake_args=None, catkin_cmake_args=None, catkin_skip_building_tests=False, mixin_files=None, mixin=None, verb_parser=<colcon_mixin.mixin.mixin_argument.MixinArgumentDecorator object at 0x7fee0227a020>, verb_extension=<colcon_core.verb.build.BuildVerb object at 0x7fee022794b0>, main=<bound method BuildVerb.main of <colcon_core.verb.build.BuildVerb object at 0x7fee022794b0>>, mixin_verb=('build',))
[16.840s] Level 1:colcon.colcon_core.package_discovery:discover_packages(colcon_meta) check parameters
[16.840s] Level 1:colcon.colcon_core.package_discovery:discover_packages(recursive) check parameters
[16.840s] Level 1:colcon.colcon_core.package_discovery:discover_packages(ignore) check parameters
[16.840s] Level 1:colcon.colcon_core.package_discovery:discover_packages(path) check parameters
[16.840s] Level 1:colcon.colcon_core.package_discovery:discover_packages(colcon_meta) discover
[16.840s] Level 1:colcon.colcon_core.package_discovery:discover_packages(recursive) discover
[16.840s] INFO:colcon.colcon_core.package_discovery:Crawling recursively for packages in '/home/user/ros2_ws'
[16.840s] Level 1:colcon.colcon_core.package_identification:_identify(.) by extensions ['ignore', 'ignore_ament_install']
[16.840s] Level 1:colcon.colcon_core.package_identification:_identify(.) by extension 'ignore'
[16.840s] Level 1:colcon.colcon_core.package_identification:_identify(.) by extension 'ignore_ament_install'
[16.840s] Level 1:colcon.colcon_core.package_identification:_identify(.) by extensions ['colcon_pkg']
[16.840s] Level 1:colcon.colcon_core.package_identification:_identify(.) by extension 'colcon_pkg'
[16.841s] Level 1:colcon.colcon_core.package_identification:_identify(.) by extensions ['colcon_meta']
[16.841s] Level 1:colcon.colcon_core.package_identification:_identify(.) by extension 'colcon_meta'
[16.841s] Level 1:colcon.colcon_core.package_identification:_identify(.) by extensions ['ament_cargo']
[16.841s] Level 1:colcon.colcon_core.package_identification:_identify(.) by extension 'ament_cargo'
[16.841s] Level 1:colcon.colcon_core.package_identification:_identify(.) by extensions ['ros']
[16.841s] Level 1:colcon.colcon_core.package_identification:_identify(.) by extension 'ros'
[16.856s] Level 1:colcon.colcon_core.package_identification:_identify(.) by extensions ['cargo', 'cmake', 'python']
[16.856s] Level 1:colcon.colcon_core.package_identification:_identify(.) by extension 'cargo'
[16.856s] Level 1:colcon.colcon_core.package_identification:_identify(.) by extension 'cmake'
[16.856s] Level 1:colcon.colcon_core.package_identification:_identify(.) by extension 'python'
[16.856s] Level 1:colcon.colcon_core.package_identification:_identify(.) by extensions ['python_setup_py']
[16.856s] Level 1:colcon.colcon_core.package_identification:_identify(.) by extension 'python_setup_py'
[16.856s] Level 1:colcon.colcon_core.package_identification:_identify(build) by extensions ['ignore', 'ignore_ament_install']
[16.857s] Level 1:colcon.colcon_core.package_identification:_identify(build) by extension 'ignore'
[16.857s] Level 1:colcon.colcon_core.package_identification:_identify(build) ignored
[16.857s] Level 1:colcon.colcon_core.package_identification:_identify(install) by extensions ['ignore', 'ignore_ament_install']
[16.857s] Level 1:colcon.colcon_core.package_identification:_identify(install) by extension 'ignore'
[16.857s] Level 1:colcon.colcon_core.package_identification:_identify(install) ignored
[16.857s] Level 1:colcon.colcon_core.package_identification:_identify(log) by extensions ['ignore', 'ignore_ament_install']
[16.857s] Level 1:colcon.colcon_core.package_identification:_identify(log) by extension 'ignore'
[16.857s] Level 1:colcon.colcon_core.package_identification:_identify(log) ignored
[16.857s] Level 1:colcon.colcon_core.package_identification:_identify(src) by extensions ['ignore', 'ignore_ament_install']
[16.857s] Level 1:colcon.colcon_core.package_identification:_identify(src) by extension 'ignore'
[16.857s] Level 1:colcon.colcon_core.package_identification:_identify(src) by extension 'ignore_ament_install'
[16.857s] Level 1:colcon.colcon_core.package_identification:_identify(src) by extensions ['colcon_pkg']
[16.857s] Level 1:colcon.colcon_core.package_identification:_identify(src) by extension 'colcon_pkg'
[16.857s] Level 1:colcon.colcon_core.package_identification:_identify(src) by extensions ['colcon_meta']
[16.858s] Level 1:colcon.colcon_core.package_identification:_identify(src) by extension 'colcon_meta'
[16.858s] Level 1:colcon.colcon_core.package_identification:_identify(src) by extensions ['ament_cargo']
[16.858s] Level 1:colcon.colcon_core.package_identification:_identify(src) by extension 'ament_cargo'
[16.858s] Level 1:colcon.colcon_core.package_identification:_identify(src) by extensions ['ros']
[16.858s] Level 1:colcon.colcon_core.package_identification:_identify(src) by extension 'ros'
[16.858s] Level 1:colcon.colcon_core.package_identification:_identify(src) by extensions ['cargo', 'cmake', 'python']
[16.858s] Level 1:colcon.colcon_core.package_identification:_identify(src) by extension 'cargo'
[16.858s] Level 1:colcon.colcon_core.package_identification:_identify(src) by extension 'cmake'
[16.858s] Level 1:colcon.colcon_core.package_identification:_identify(src) by extension 'python'
[16.858s] Level 1:colcon.colcon_core.package_identification:_identify(src) by extensions ['python_setup_py']
[16.858s] Level 1:colcon.colcon_core.package_identification:_identify(src) by extension 'python_setup_py'
[16.858s] Level 1:colcon.colcon_core.package_identification:_identify(src/my_robot) by extensions ['ignore', 'ignore_ament_install']
[16.858s] Level 1:colcon.colcon_core.package_identification:_identify(src/my_robot) by extension 'ignore'
[16.858s] Level 1:colcon.colcon_core.package_identification:_identify(src/my_robot) by extension 'ignore_ament_install'
[16.858s] Level 1:colcon.colcon_core.package_identification:_identify(src/my_robot) by extensions ['colcon_pkg']
[16.858s] Level 1:colcon.colcon_core.package_identification:_identify(src/my_robot) by extension 'colcon_pkg'
[16.858s] Level 1:colcon.colcon_core.package_identification:_identify(src/my_robot) by extensions ['colcon_meta']
[16.858s] Level 1:colcon.colcon_core.package_identification:_identify(src/my_robot) by extension 'colcon_meta'
[16.858s] Level 1:colcon.colcon_core.package_identification:_identify(src/my_robot) by extensions ['ament_cargo']
[16.858s] Level 1:colcon.colcon_core.package_identification:_identify(src/my_robot) by extension 'ament_cargo'
[16.859s] Level 1:colcon.colcon_core.package_identification:_identify(src/my_robot) by extensions ['ros']
[16.859s] Level 1:colcon.colcon_core.package_identification:_identify(src/my_robot) by extension 'ros'
[16.863s] DEBUG:colcon.colcon_core.package_identification:Package 'src/my_robot' with type 'ros.ament_python' and name 'my_robot'
[16.863s] Level 1:colcon.colcon_core.package_discovery:discover_packages(recursive) using defaults
[16.863s] Level 1:colcon.colcon_core.package_discovery:discover_packages(ignore) discover
[16.863s] Level 1:colcon.colcon_core.package_discovery:discover_packages(ignore) using defaults
[16.863s] Level 1:colcon.colcon_core.package_discovery:discover_packages(path) discover
[16.863s] Level 1:colcon.colcon_core.package_discovery:discover_packages(path) using defaults
[17.011s] Level 5:colcon.colcon_core.verb:set package 'my_robot' build argument 'lookup_in_workspace' from command line to 'False'
[17.011s] Level 5:colcon.colcon_core.verb:set package 'my_robot' build argument 'cargo_args' from command line to 'None'
[17.011s] Level 5:colcon.colcon_core.verb:set package 'my_robot' build argument 'clean_build' from command line to 'False'
[17.011s] Level 5:colcon.colcon_core.verb:set package 'my_robot' build argument 'cmake_args' from command line to 'None'
[17.011s] Level 5:colcon.colcon_core.verb:set package 'my_robot' build argument 'cmake_target' from command line to 'None'
[17.011s] Level 5:colcon.colcon_core.verb:set package 'my_robot' build argument 'cmake_target_skip_unavailable' from command line to 'False'
[17.011s] Level 5:colcon.colcon_core.verb:set package 'my_robot' build argument 'cmake_clean_cache' from command line to 'False'
[17.011s] Level 5:colcon.colcon_core.verb:set package 'my_robot' build argument 'cmake_clean_first' from command line to 'False'
[17.011s] Level 5:colcon.colcon_core.verb:set package 'my_robot' build argument 'cmake_force_configure' from command line to 'False'
[17.011s] Level 5:colcon.colcon_core.verb:set package 'my_robot' build argument 'ament_cmake_args' from command line to 'None'
[17.011s] Level 5:colcon.colcon_core.verb:set package 'my_robot' build argument 'catkin_cmake_args' from command line to 'None'
[17.011s] Level 5:colcon.colcon_core.verb:set package 'my_robot' build argument 'catkin_skip_building_tests' from command line to 'False'
[17.011s] DEBUG:colcon.colcon_core.verb:Building package 'my_robot' with the following arguments: {'ament_cmake_args': None, 'build_base': '/home/user/ros2_ws/build/my_robot', 'cargo_args': None, 'catkin_cmake_args': None, 'catkin_skip_building_tests': False, 'clean_build': False, 'cmake_args': None, 'cmake_clean_cache': False, 'cmake_clean_first': False, 'cmake_force_configure': False, 'cmake_target': None, 'cmake_target_skip_unavailable': False, 'install_base': '/home/user/ros2_ws/install/my_robot', 'lookup_in_workspace': False, 'merge_install': False, 'path': '/home/user/ros2_ws/src/my_robot', 'symlink_install': False, 'test_result_base': None}
[17.011s] INFO:colcon.colcon_core.executor:Executing jobs using 'parallel' executor
[17.012s] DEBUG:colcon.colcon_parallel_executor.executor.parallel:run_until_complete
[17.012s] INFO:colcon.colcon_ros.task.ament_python.build:Building ROS package in '/home/user/ros2_ws/src/my_robot' with build type 'ament_python'
[17.012s] Level 1:colcon.colcon_core.shell:create_environment_hook('my_robot', 'ament_prefix_path')
[17.159s] INFO:colcon.colcon_core.plugin_system:Skipping extension 'colcon_core.shell.bat': Not used on non-Windows systems
[17.160s] INFO:colcon.colcon_core.shell:Creating environment hook '/home/user/ros2_ws/install/my_robot/share/my_robot/hook/ament_prefix_path.ps1'
[17.161s] INFO:colcon.colcon_core.shell:Creating environment descriptor '/home/user/ros2_ws/install/my_robot/share/my_robot/hook/ament_prefix_path.dsv'
[17.162s] INFO:colcon.colcon_core.shell:Creating environment hook '/home/user/ros2_ws/install/my_robot/share/my_robot/hook/ament_prefix_path.sh'
[17.163s] INFO:colcon.colcon_core.shell:Skip shell extension 'powershell' for command environment: Not usable outside of PowerShell
[17.163s] DEBUG:colcon.colcon_core.shell:Skip shell extension 'dsv' for command environment
[17.568s] INFO:colcon.colcon_core.task.python.build:Building Python package in '/home/user/ros2_ws/src/my_robot'
[17.568s] INFO:colcon.colcon_core.shell:Skip shell extension 'powershell' for command environment: Not usable outside of PowerShell
[17.568s] DEBUG:colcon.colcon_core.shell:Skip shell extension 'dsv' for command environment
[22.016s] DEBUG:colcon.colcon_core.event_handler.log_command:Invoking command in '/home/user/ros2_ws/src/my_robot': PYTHONPATH=/home/user/ros2_ws/build/my_robot/prefix_override:/home/user/ros2_ws/install/my_robot/lib/python3.10/site-packages:${PYTHONPATH} _=/usr/bin/env /usr/bin/python3 -W ignore:setup.py install is deprecated setup.py egg_info --egg-base ../../build/my_robot build --build-base /home/user/ros2_ws/build/my_robot/build install --record /home/user/ros2_ws/build/my_robot/install.log --single-version-externally-managed install_data
[22.329s] DEBUG:colcon.colcon_core.event_handler.log_command:Invoked command in '/home/user/ros2_ws/src/my_robot' returned '1': PYTHONPATH=/home/user/ros2_ws/build/my_robot/prefix_override:/home/user/ros2_ws/install/my_robot/lib/python3.10/site-packages:${PYTHONPATH} _=/usr/bin/env /usr/bin/python3 -W ignore:setup.py install is deprecated setup.py egg_info --egg-base ../../build/my_robot build --build-base /home/user/ros2_ws/build/my_robot/build install --record /home/user/ros2_ws/build/my_robot/install.log --single-version-externally-managed install_data
[22.339s] DEBUG:colcon.colcon_parallel_executor.executor.parallel:closing loop
[22.339s] DEBUG:colcon.colcon_parallel_executor.executor.parallel:loop closed
[22.340s] DEBUG:colcon.colcon_parallel_executor.executor.parallel:run_until_complete finished with '1'
[22.340s] DEBUG:colcon.colcon_core.event_reactor:joining thread
[22.783s] INFO:colcon.colcon_core.plugin_system:Skipping extension 'colcon_notification.desktop_notification.notify_send': Could not find 'notify-send'
[22.783s] INFO:colcon.colcon_core.plugin_system:Skipping extension 'colcon_notification.desktop_notification.terminal_notifier': Not used on non-Darwin systems
[22.784s] INFO:colcon.colcon_core.plugin_system:Skipping extension 'colcon_notification.desktop_notification.win32': Not used on non-Windows systems
[22.784s] INFO:colcon.colcon_notification.desktop_notification:Sending desktop notification using 'notify2'
[22.786s] DEBUG:colcon.colcon_notification.desktop_notification.notify2:Failed to initialize notify2: org.freedesktop.DBus.Error.Spawn.ExecFailed: /usr/bin/dbus-launch terminated abnormally without any error message
[22.787s] DEBUG:colcon.colcon_core.event_reactor:joined thread
[22.787s] INFO:colcon.colcon_core.shell:Creating prefix script '/home/user/ros2_ws/install/local_setup.ps1'
[22.790s] INFO:colcon.colcon_core.shell:Creating prefix util module '/home/user/ros2_ws/install/_local_setup_util_ps1.py'
[22.792s] INFO:colcon.colcon_core.shell:Creating prefix chain script '/home/user/ros2_ws/install/setup.ps1'
[22.797s] INFO:colcon.colcon_core.shell:Creating prefix script '/home/user/ros2_ws/install/local_setup.sh'
[22.798s] INFO:colcon.colcon_core.shell:Creating prefix util module '/home/user/ros2_ws/install/_local_setup_util_sh.py'
[22.799s] INFO:colcon.colcon_core.shell:Creating prefix chain script '/home/user/ros2_ws/install/setup.sh'
[22.803s] INFO:colcon.colcon_core.shell:Creating prefix script '/home/user/ros2_ws/install/local_setup.bash'
[22.805s] INFO:colcon.colcon_core.shell:Creating prefix chain script '/home/user/ros2_ws/install/setup.bash'
[22.809s] INFO:colcon.colcon_core.shell:Creating prefix script '/home/user/ros2_ws/install/local_setup.zsh'
[22.948s] INFO:colcon.colcon_core.shell:Creating prefix chain script '/home/user/ros2_ws/install/setup.zsh'
